d:\workspace\game-dev-cpp\sfmlgame\sfmlgame\debug\vc140.pdb
d:\workspace\game-dev-cpp\sfmlgame\sfmlgame\debug\vc140.idb
d:\workspace\game-dev-cpp\sfmlgame\sfmlgame\debug\source.obj
d:\workspace\game-dev-cpp\sfmlgame\sfmlgame\debug\input.obj
d:\workspace\game-dev-cpp\sfmlgame\sfmlgame\debug\item.obj
d:\workspace\game-dev-cpp\sfmlgame\sfmlgame\debug\level.obj
d:\workspace\game-dev-cpp\sfmlgame\sfmlgame\debug\texturemanager.obj
d:\workspace\game-dev-cpp\sfmlgame\sfmlgame\debug\torch.obj
d:\workspace\game-dev-cpp\sfmlgame\sfmlgame\debug\gameobject.obj
d:\workspace\game-dev-cpp\sfmlgame\sfmlgame\debug\entity.obj
d:\workspace\game-dev-cpp\sfmlgame\sfmlgame\debug\player.obj
d:\workspace\game-dev-cpp\sfmlgame\sfmlgame\debug\key.obj
d:\workspace\game-dev-cpp\sfmlgame\sfmlgame\debug\graphicscomponent.obj
d:\workspace\game-dev-cpp\sfmlgame\sfmlgame\debug\inputcomponent.obj
d:\workspace\game-dev-cpp\sfmlgame\sfmlgame\debug\physicscomponent.obj
d:\workspace\game-dev-cpp\sfmlgame\sfmlgame\debug\game.obj
d:\workspace\game-dev-cpp\sfmlgame\sfmlgame\debug\main.obj
d:\workspace\game-dev-cpp\sfmlgame\sfmlgame\debug\spritecomponent.obj
d:\workspace\game-dev-cpp\sfmlgame\sfmlgame\debug\window.obj
d:\workspace\game-dev-cpp\sfmlgame\sfmlgame\debug\audiocomponent.obj
d:\workspace\game-dev-cpp\sfmlgame\sfmlgame\debug\musiclistener.obj
d:\workspace\game-dev-cpp\sfmlgame\sfmlgame\debug\soundbuffermanager.obj
d:\workspace\game-dev-cpp\sfmlgame\sfmlgame\debug\assetmanager.obj
d:\workspace\game-dev-cpp\sfmlgame\sfmlgame\debug\enemy.obj
d:\workspace\game-dev-cpp\sfmlgame\sfmlgame\debug\skeleton.obj
d:\workspace\game-dev-cpp\sfmlgame\sfmlgame\debug\aicomponent.obj
d:\workspace\game-dev-cpp\sfmlgame\debug\sfmlgame.ilk
d:\workspace\game-dev-cpp\sfmlgame\debug\sfmlgame.exe
d:\workspace\game-dev-cpp\sfmlgame\debug\sfmlgame.pdb
d:\workspace\game-dev-cpp\sfmlgame\sfmlgame\debug\sfmlgame.tlog\cl.command.1.tlog
d:\workspace\game-dev-cpp\sfmlgame\sfmlgame\debug\sfmlgame.tlog\cl.read.1.tlog
d:\workspace\game-dev-cpp\sfmlgame\sfmlgame\debug\sfmlgame.tlog\cl.write.1.tlog
d:\workspace\game-dev-cpp\sfmlgame\sfmlgame\debug\sfmlgame.tlog\link.command.1.tlog
d:\workspace\game-dev-cpp\sfmlgame\sfmlgame\debug\sfmlgame.tlog\link.read.1.tlog
d:\workspace\game-dev-cpp\sfmlgame\sfmlgame\debug\sfmlgame.tlog\link.write.1.tlog
